<?xml version="1.0" encoding="UTF-8"?>
<!-- Generated by org.testng.reporters.JUnitReportReporter -->
<testsuite hostname="ZakirZR-Bluestone" failures="0" tests="10" name="JIRA.JIRA_CRUD" time="42.274" errors="0" timestamp="2022-11-30T16:01:48 IST" skipped="0">
  <testcase classname="JIRA.JIRA_CRUD" name="LoginToJIRA" time="1.127"/>
  <system-out/>
  <testcase classname="JIRA.JIRA_CRUD" name="createProject" time="0.688"/>
  <system-out/>
  <testcase classname="JIRA.JIRA_CRUD" name="createIssue" time="0.063"/>
  <system-out/>
  <testcase classname="JIRA.JIRA_CRUD" name="addComment02" time="0.037"/>
  <system-out/>
  <testcase classname="JIRA.JIRA_CRUD" name="addComment01" time="0.042"/>
  <system-out/>
  <testcase classname="JIRA.JIRA_CRUD" name="UpdateComment" time="0.040"/>
  <system-out/>
  <testcase classname="JIRA.JIRA_CRUD" name="getAll_IssueDetails" time="0.016"/>
  <system-out/>
  <testcase classname="JIRA.JIRA_CRUD" name="getComments_Details_Only_Of_An_Issue" time="0.072"/>
  <system-out/>
  <testcase classname="JIRA.JIRA_CRUD" name="AddAttachment" time="0.112"/>
  <system-out/>
  <testcase classname="JIRA.JIRA_CRUD" name="DeleteProject" time="40.077"/>
  <system-out/>
</testsuite> <!-- JIRA.JIRA_CRUD -->
