<?xml version="1.0" encoding="UTF-8"?>
<!-- Generated by org.testng.reporters.JUnitReportReporter -->
<testsuite hostname="ZakirZR-Bluestone" failures="0" tests="6" name="JIRA.JIRA_CRUD" time="1.858" errors="0" timestamp="2022-11-30T12:35:36 IST" skipped="0">
  <testcase classname="JIRA.JIRA_CRUD" name="LoginToJIRA" time="1.019"/>
  <system-out/>
  <testcase classname="JIRA.JIRA_CRUD" name="createProject" time="0.581"/>
  <system-out/>
  <testcase classname="JIRA.JIRA_CRUD" name="createIssue" time="0.066"/>
  <system-out/>
  <testcase classname="JIRA.JIRA_CRUD" name="addComment" time="0.044"/>
  <system-out/>
  <testcase classname="JIRA.JIRA_CRUD" name="UpdateComment" time="0.033"/>
  <system-out/>
  <testcase classname="JIRA.JIRA_CRUD" name="DeleteProject" time="0.115"/>
  <system-out/>
</testsuite> <!-- JIRA.JIRA_CRUD -->
