<?xml version="1.0" encoding="UTF-8"?>
<!-- Generated by org.testng.reporters.JUnitReportReporter -->
<testsuite hostname="ZakirZR-Bluestone" failures="0" tests="7" name="JIRA.JIRA_CRUD" time="41.982" errors="0" timestamp="2022-11-30T15:26:19 IST" skipped="0">
  <testcase classname="JIRA.JIRA_CRUD" name="LoginToJIRA" time="1.080"/>
  <system-out/>
  <testcase classname="JIRA.JIRA_CRUD" name="createProject" time="0.588"/>
  <system-out/>
  <testcase classname="JIRA.JIRA_CRUD" name="createIssue" time="0.072"/>
  <system-out/>
  <testcase classname="JIRA.JIRA_CRUD" name="addComment" time="0.043"/>
  <system-out/>
  <testcase classname="JIRA.JIRA_CRUD" name="UpdateComment" time="0.030"/>
  <system-out/>
  <testcase classname="JIRA.JIRA_CRUD" name="AddAttachment" time="0.105"/>
  <system-out/>
  <testcase classname="JIRA.JIRA_CRUD" name="DeleteProject" time="40.064"/>
  <system-out/>
</testsuite> <!-- JIRA.JIRA_CRUD -->
