<?xml version="1.0" encoding="UTF-8"?>
<!-- Generated by org.testng.reporters.JUnitReportReporter -->
<testsuite hostname="ZakirZR-Bluestone" failures="0" tests="3" name="CRUD_Operaions.DynamicJson" time="2.874" errors="0" timestamp="2022-11-29T16:52:04 IST" skipped="0">
  <testcase classname="CRUD_Operaions.DynamicJson" name="AddBookData" time="0.189"/>
  <system-out/>
  <testcase classname="CRUD_Operaions.DynamicJson" name="AddBookData" time="0.150"/>
  <system-out/>
  <testcase classname="CRUD_Operaions.DynamicJson" name="AddBookData" time="2.535"/>
  <system-out/>
</testsuite> <!-- CRUD_Operaions.DynamicJson -->
