<?xml version="1.0" encoding="UTF-8"?>
<!-- Generated by org.testng.reporters.JUnitReportReporter -->
<testsuite hostname="ZakirZR-Bluestone" failures="0" tests="9" name="JIRA.JIRA_CRUD" time="42.279" errors="0" timestamp="2022-11-30T16:24:32 IST" skipped="0">
  <testcase classname="JIRA.JIRA_CRUD" name="LoginToJIRA" time="1.209"/>
  <system-out/>
  <testcase classname="JIRA.JIRA_CRUD" name="createProject" time="0.641"/>
  <system-out/>
  <testcase classname="JIRA.JIRA_CRUD" name="createIssue" time="0.071"/>
  <system-out/>
  <testcase classname="JIRA.JIRA_CRUD" name="addComment01" time="0.044"/>
  <system-out/>
  <testcase classname="JIRA.JIRA_CRUD" name="UpdateComment" time="0.034"/>
  <system-out/>
  <testcase classname="JIRA.JIRA_CRUD" name="getAll_IssueDetails" time="0.018"/>
  <system-out/>
  <testcase classname="JIRA.JIRA_CRUD" name="getComments_Details_Only_Of_An_Issue" time="0.094"/>
  <system-out/>
  <testcase classname="JIRA.JIRA_CRUD" name="AddAttachment" time="0.096"/>
  <system-out/>
  <testcase classname="JIRA.JIRA_CRUD" name="DeleteProject" time="40.072"/>
  <system-out/>
</testsuite> <!-- JIRA.JIRA_CRUD -->
