<?xml version="1.0" encoding="UTF-8"?>
<!-- Generated by org.testng.reporters.JUnitReportReporter -->
<testsuite hostname="ZakirZR-Bluestone" failures="0" tests="1" name="CRUD_Operaions.ReadFileJson" time="2.426" errors="0" timestamp="2022-11-29T17:06:07 IST" skipped="0">
  <testcase classname="CRUD_Operaions.ReadFileJson" name="AddBookData" time="2.426"/>
  <system-out/>
</testsuite> <!-- CRUD_Operaions.ReadFileJson -->
