<?xml version="1.0" encoding="UTF-8"?>
<!-- Generated by org.testng.reporters.JUnitReportReporter -->
<testsuite hostname="ZakirZR-Bluestone" failures="0" tests="10" name="JIRA.JIRA_CRUD" time="42.249" errors="0" timestamp="2022-12-01T20:48:42 IST" skipped="1">
  <testcase classname="JIRA.JIRA_CRUD" name="LoginToJIRA" time="1.068"/>
  <system-out/>
  <testcase classname="JIRA.JIRA_CRUD" name="createProject" time="0.595"/>
  <system-out/>
  <testcase classname="JIRA.JIRA_CRUD" name="createIssue" time="0.129"/>
  <system-out/>
  <testcase classname="JIRA.JIRA_CRUD" name="addComment01" time="0.107"/>
  <system-out/>
  <testcase classname="JIRA.JIRA_CRUD" name="UpdateComment" time="0.054"/>
  <system-out/>
  <testcase classname="JIRA.JIRA_CRUD" name="getAll_IssueDetails" time="0.027"/>
  <system-out/>
  <testcase classname="JIRA.JIRA_CRUD" name="getComments_Details_Only_Of_An_Issue" time="0.075"/>
  <system-out/>
  <testcase classname="JIRA.JIRA_CRUD" name="BypassHTTPSCertification" time="0.110"/>
  <system-out/>
  <testcase classname="JIRA.JIRA_CRUD" name="DeleteProject" time="40.084"/>
  <system-out/>
  <testcase classname="JIRA.JIRA_CRUD" name="AddAttachment">
    <skipped/>
  </testcase> <!-- AddAttachment -->
  <system-out/>
</testsuite> <!-- JIRA.JIRA_CRUD -->
